2022.05.16 10:47:21 INFO  tracing is disabled for protocol LSP, to enable tracing of incoming and outgoing JSON messages create an empty file at c:\Users\HP\Desktop\scalaProject\.metals\lsp.trace.json or C:\Users\HP\AppData\Local\scalameta\metals\cache\lsp.trace.json
2022.05.16 10:47:22 INFO  logging to file C:\Users\HP\Desktop\scalaProject\.metals\metals.log
2022.05.16 10:47:22 INFO  Started: Metals version 0.11.5 in workspace 'C:\Users\HP\Desktop\scalaProject' for client Visual Studio Code 1.67.1.
2022.05.16 10:47:26 INFO  time: initialize in 4.42s
2022.05.16 10:47:26 WARN  Flyway upgrade recommended: H2 2.1.212 is newer than this version of Flyway and support has not been tested. The latest supported version of H2 is 2.1.210.
2022.05.16 10:47:28 WARN  Build server is not auto-connectable.
2022.05.16 10:48:56 WARN  no build target for: C:\Users\HP\Desktop\scalaProject\build.sbt
2022.05.16 10:49:03 INFO  no build target found for C:\Users\HP\Desktop\scalaProject\build.sbt. Using presentation compiler with project's scala-library version: 3.1.2
2022.05.16 10:49:09 INFO  time: code lens generation in 12s
2022.05.16 11:38:33 INFO  shutting down Metals
2022.05.17 13:43:18 INFO  tracing is disabled for protocol LSP, to enable tracing of incoming and outgoing JSON messages create an empty file at c:\Users\HP\Desktop\scalaP\.metals\lsp.trace.json or C:\Users\HP\AppData\Local\scalameta\metals\cache\lsp.trace.json
2022.05.17 13:43:20 INFO  logging to file C:\Users\HP\Desktop\scalaP\.metals\metals.log
2022.05.17 13:43:20 INFO  Started: Metals version 0.11.5 in workspace 'C:\Users\HP\Desktop\scalaP' for client Visual Studio Code 1.67.1.
2022.05.17 13:44:46 INFO  tracing is disabled for protocol LSP, to enable tracing of incoming and outgoing JSON messages create an empty file at c:\Users\HP\Desktop\scalaP\.metals\lsp.trace.json or C:\Users\HP\AppData\Local\scalameta\metals\cache\lsp.trace.json
2022.05.17 13:44:48 INFO  logging to file C:\Users\HP\Desktop\scalaP\.metals\metals.log
2022.05.17 13:44:48 INFO  Started: Metals version 0.11.5 in workspace 'C:\Users\HP\Desktop\scalaP' for client Visual Studio Code 1.67.1.
2022.05.17 13:44:52 INFO  time: initialize in 3.78s
2022.05.17 13:44:52 WARN  Flyway upgrade recommended: H2 2.1.212 is newer than this version of Flyway and support has not been tested. The latest supported version of H2 is 2.1.210.
2022.05.17 13:44:53 WARN  Build server is not auto-connectable.
2022.05.17 13:55:00 WARN  no build target for: C:\Users\HP\Desktop\scalaP\app\controllers\TournamentController.scala
2022.05.17 13:55:07 INFO  no build target found for C:\Users\HP\Desktop\scalaP\app\controllers\TournamentController.scala. Using presentation compiler with project's scala-library version: 3.1.2
2022.05.17 13:55:10 INFO  time: code lens generation in 8.48s
2022.05.17 13:55:42 WARN  no build target for: C:\Users\HP\Desktop\scalaP\app\models\Game.scala
2022.05.17 13:56:46 WARN  no build target for: C:\Users\HP\Desktop\scalaP\app\controllers\TournamentController.scala
2022.05.17 13:56:48 WARN  no build target for: C:\Users\HP\Desktop\scalaP\app\controllers\TournamentController.scala
2022.05.17 13:56:52 WARN  no build target for: C:\Users\HP\Desktop\scalaP\app\controllers\TournamentController.scala
2022.05.17 13:56:56 WARN  no build target for: C:\Users\HP\Desktop\scalaP\app\controllers\TournamentController.scala
2022.05.17 13:59:45 WARN  no build target for: C:\Users\HP\Desktop\scalaP\app\controllers\TournamentController.scala
2022.05.17 14:12:56 INFO  shutting down Metals
2022.05.17 14:42:17 INFO  tracing is disabled for protocol LSP, to enable tracing of incoming and outgoing JSON messages create an empty file at c:\Users\HP\Desktop\scalaP\.metals\lsp.trace.json or C:\Users\HP\AppData\Local\scalameta\metals\cache\lsp.trace.json
2022.05.17 14:42:18 INFO  logging to file C:\Users\HP\Desktop\scalaP\.metals\metals.log
2022.05.17 14:42:18 INFO  Started: Metals version 0.11.5 in workspace 'C:\Users\HP\Desktop\scalaP' for client Visual Studio Code 1.67.1.
2022.05.17 14:42:22 INFO  time: initialize in 3.8s
2022.05.17 14:42:22 WARN  Flyway upgrade recommended: H2 2.1.212 is newer than this version of Flyway and support has not been tested. The latest supported version of H2 is 2.1.210.
2022.05.17 14:42:22 WARN  Build server is not auto-connectable.
2022.05.17 14:42:23 INFO  skipping build import with status 'Requested'
2022.05.17 14:44:36 WARN  no build target for: C:\Users\HP\Desktop\scalaP\app\controllers\TournamentController.scala
2022.05.17 14:44:41 INFO  no build target found for C:\Users\HP\Desktop\scalaP\app\controllers\TournamentController.scala. Using presentation compiler with project's scala-library version: 3.1.2
2022.05.17 14:44:45 INFO  time: code lens generation in 7.16s
2022.05.17 14:44:45 INFO  time: code lens generation in 2.9s
2022.05.17 14:52:44 WARN  no build target for: C:\Users\HP\Desktop\scalaP\app\controllers\TournamentController.scala
2022.05.17 14:52:47 WARN  no build target for: C:\Users\HP\Desktop\scalaP\app\controllers\TournamentController.scala
2022.05.17 14:52:54 WARN  no build target for: C:\Users\HP\Desktop\scalaP\app\controllers\TournamentController.scala
2022.05.17 14:52:55 WARN  no build target for: C:\Users\HP\Desktop\scalaP\app\controllers\TournamentController.scala
2022.05.17 14:56:56 WARN  no build target for: C:\Users\HP\Desktop\scalaP\app\controllers\TournamentController.scala
2022.05.17 15:03:58 WARN  no build target for: C:\Users\HP\Desktop\scalaP\app\controllers\TournamentController.scala
2022.05.17 15:04:01 WARN  no build target for: C:\Users\HP\Desktop\scalaP\app\controllers\TournamentController.scala
2022.05.17 15:04:05 WARN  no build target for: C:\Users\HP\Desktop\scalaP\app\controllers\TournamentController.scala
2022.05.17 15:04:06 WARN  no build target for: C:\Users\HP\Desktop\scalaP\app\controllers\TournamentController.scala
2022.05.17 15:04:08 WARN  no build target for: C:\Users\HP\Desktop\scalaP\app\controllers\TournamentController.scala
2022.05.17 15:04:23 WARN  no build target for: C:\Users\HP\Desktop\scalaP\app\controllers\TournamentController.scala
2022.05.17 15:04:25 WARN  no build target for: C:\Users\HP\Desktop\scalaP\app\controllers\TournamentController.scala
2022.05.17 15:04:27 WARN  no build target for: C:\Users\HP\Desktop\scalaP\app\controllers\TournamentController.scala
2022.05.17 15:04:31 WARN  no build target for: C:\Users\HP\Desktop\scalaP\app\controllers\TournamentController.scala
2022.05.17 15:04:33 WARN  no build target for: C:\Users\HP\Desktop\scalaP\app\controllers\TournamentController.scala
2022.05.17 15:04:37 WARN  no build target for: C:\Users\HP\Desktop\scalaP\app\controllers\TournamentController.scala
2022.05.17 15:04:40 WARN  no build target for: C:\Users\HP\Desktop\scalaP\app\controllers\TournamentController.scala
2022.05.17 15:04:41 WARN  no build target for: C:\Users\HP\Desktop\scalaP\app\controllers\TournamentController.scala
2022.05.17 15:04:44 WARN  no build target for: C:\Users\HP\Desktop\scalaP\app\controllers\TournamentController.scala
2022.05.17 15:04:51 WARN  no build target for: C:\Users\HP\Desktop\scalaP\app\controllers\TournamentController.scala
2022.05.17 15:04:53 WARN  no build target for: C:\Users\HP\Desktop\scalaP\app\controllers\TournamentController.scala
2022.05.17 15:05:00 WARN  no build target for: C:\Users\HP\Desktop\scalaP\app\controllers\TournamentController.scala
2022.05.17 15:05:01 WARN  no build target for: C:\Users\HP\Desktop\scalaP\app\controllers\TournamentController.scala
2022.05.17 15:05:05 WARN  no build target for: C:\Users\HP\Desktop\scalaP\app\controllers\TournamentController.scala
2022.05.17 15:05:07 WARN  no build target for: C:\Users\HP\Desktop\scalaP\app\controllers\TournamentController.scala
2022.05.17 15:05:12 WARN  no build target for: C:\Users\HP\Desktop\scalaP\app\controllers\TournamentController.scala
2022.05.17 15:05:14 WARN  no build target for: C:\Users\HP\Desktop\scalaP\app\controllers\TournamentController.scala
2022.05.17 15:05:16 WARN  no build target for: C:\Users\HP\Desktop\scalaP\app\controllers\TournamentController.scala
2022.05.17 15:05:20 WARN  no build target for: C:\Users\HP\Desktop\scalaP\app\controllers\TournamentController.scala
2022.05.17 15:05:23 WARN  no build target for: C:\Users\HP\Desktop\scalaP\app\controllers\TournamentController.scala
2022.05.17 15:05:29 WARN  no build target for: C:\Users\HP\Desktop\scalaP\app\controllers\TournamentController.scala
2022.05.17 15:05:43 WARN  no build target for: C:\Users\HP\Desktop\scalaP\app\controllers\TournamentController.scala
2022.05.17 15:05:47 WARN  no build target for: C:\Users\HP\Desktop\scalaP\app\models\Game.scala
2022.05.17 15:05:59 WARN  no build target for: C:\Users\HP\Desktop\scalaP\app\controllers\TournamentController.scala
2022.05.17 15:06:02 WARN  no build target for: C:\Users\HP\Desktop\scalaP\app\controllers\TournamentController.scala
2022.05.17 15:06:06 WARN  no build target for: C:\Users\HP\Desktop\scalaP\app\controllers\TournamentController.scala
2022.05.17 15:06:14 WARN  no build target for: C:\Users\HP\Desktop\scalaP\app\controllers\TournamentController.scala
2022.05.17 15:06:30 WARN  no build target for: C:\Users\HP\Desktop\scalaP\app\controllers\TournamentController.scala
2022.05.17 15:06:54 WARN  no build target for: C:\Users\HP\Desktop\scalaP\app\controllers\TournamentController.scala
2022.05.17 15:07:42 WARN  no build target for: C:\Users\HP\Desktop\scalaP\app\controllers\TournamentController.scala
2022.05.17 15:07:45 WARN  no build target for: C:\Users\HP\Desktop\scalaP\app\controllers\TournamentController.scala
2022.05.17 15:07:55 WARN  no build target for: C:\Users\HP\Desktop\scalaP\app\controllers\TournamentController.scala
2022.05.17 15:07:58 WARN  no build target for: C:\Users\HP\Desktop\scalaP\app\controllers\TournamentController.scala
2022.05.17 15:08:03 WARN  no build target for: C:\Users\HP\Desktop\scalaP\app\controllers\TournamentController.scala
2022.05.17 15:08:08 WARN  no build target for: C:\Users\HP\Desktop\scalaP\app\controllers\TournamentController.scala
2022.05.17 15:08:10 WARN  no build target for: C:\Users\HP\Desktop\scalaP\app\controllers\TournamentController.scala
2022.05.17 15:08:13 WARN  no build target for: C:\Users\HP\Desktop\scalaP\app\controllers\TournamentController.scala
2022.05.17 15:08:28 WARN  no build target for: C:\Users\HP\Desktop\scalaP\app\controllers\TournamentController.scala
2022.05.17 15:08:30 WARN  no build target for: C:\Users\HP\Desktop\scalaP\app\controllers\TournamentController.scala
maj 17, 2022 3:08:33 PM org.eclipse.lsp4j.jsonrpc.RemoteEndpoint handleCancellation
WARNING: Unmatched cancel notification for request id 648
2022.05.17 15:08:36 WARN  no build target for: C:\Users\HP\Desktop\scalaP\app\controllers\TournamentController.scala
2022.05.17 15:09:19 WARN  no build target for: C:\Users\HP\Desktop\scalaP\app\controllers\TournamentController.scala
2022.05.17 15:10:15 WARN  no build target for: C:\Users\HP\Desktop\scalaP\app\controllers\TournamentController.scala
2022.05.17 15:10:26 WARN  no build target for: C:\Users\HP\Desktop\scalaP\app\controllers\TournamentController.scala
2022.05.17 15:10:29 WARN  no build target for: C:\Users\HP\Desktop\scalaP\app\controllers\TournamentController.scala
2022.05.17 15:10:47 WARN  no build target for: C:\Users\HP\Desktop\scalaP\app\controllers\TournamentController.scala
2022.05.17 15:11:14 WARN  no build target for: C:\Users\HP\Desktop\scalaP\app\controllers\TournamentController.scala
2022.05.17 15:11:35 WARN  no build target for: C:\Users\HP\Desktop\scalaP\app\controllers\TournamentController.scala
2022.05.17 15:11:40 WARN  no build target for: C:\Users\HP\Desktop\scalaP\app\controllers\TournamentController.scala
2022.05.17 15:11:43 WARN  no build target for: C:\Users\HP\Desktop\scalaP\app\controllers\TournamentController.scala
2022.05.17 15:11:47 WARN  no build target for: C:\Users\HP\Desktop\scalaP\app\controllers\TournamentController.scala
2022.05.17 15:11:56 WARN  no build target for: C:\Users\HP\Desktop\scalaP\app\controllers\TournamentController.scala
2022.05.17 15:11:59 WARN  no build target for: C:\Users\HP\Desktop\scalaP\app\controllers\TournamentController.scala
2022.05.17 15:12:11 WARN  no build target for: C:\Users\HP\Desktop\scalaP\app\controllers\TournamentController.scala
2022.05.17 15:12:40 WARN  no build target for: C:\Users\HP\Desktop\scalaP\app\controllers\TournamentController.scala
2022.05.17 15:12:50 WARN  no build target for: C:\Users\HP\Desktop\scalaP\app\controllers\TournamentController.scala
2022.05.17 15:12:51 WARN  no build target for: C:\Users\HP\Desktop\scalaP\app\controllers\TournamentController.scala
2022.05.17 15:12:53 WARN  no build target for: C:\Users\HP\Desktop\scalaP\app\controllers\TournamentController.scala
2022.05.17 15:13:08 WARN  no build target for: C:\Users\HP\Desktop\scalaP\app\controllers\TournamentController.scala
2022.05.17 15:13:21 WARN  no build target for: C:\Users\HP\Desktop\scalaP\app\controllers\TournamentController.scala
2022.05.17 15:13:31 WARN  no build target for: C:\Users\HP\Desktop\scalaP\app\controllers\TournamentController.scala
2022.05.17 15:13:50 WARN  no build target for: C:\Users\HP\Desktop\scalaP\app\controllers\TournamentController.scala
2022.05.17 15:13:51 WARN  no build target for: C:\Users\HP\Desktop\scalaP\app\controllers\TournamentController.scala
2022.05.17 15:13:53 WARN  no build target for: C:\Users\HP\Desktop\scalaP\app\controllers\TournamentController.scala
2022.05.17 15:14:00 WARN  no build target for: C:\Users\HP\Desktop\scalaP\app\controllers\TournamentController.scala
2022.05.17 15:14:07 WARN  no build target for: C:\Users\HP\Desktop\scalaP\app\controllers\TournamentController.scala
2022.05.17 15:14:28 WARN  no build target for: C:\Users\HP\Desktop\scalaP\app\controllers\TournamentController.scala
2022.05.17 15:16:05 WARN  no build target for: C:\Users\HP\Desktop\scalaP\app\controllers\TournamentController.scala
2022.05.17 15:19:52 WARN  no build target for: C:\Users\HP\Desktop\scalaP\app\controllers\TournamentController.scala
2022.05.17 15:19:55 WARN  no build target for: C:\Users\HP\Desktop\scalaP\app\controllers\TournamentController.scala
2022.05.17 15:27:14 WARN  no build target for: C:\Users\HP\Desktop\scalaP\app\controllers\TournamentController.scala
2022.05.17 15:27:23 WARN  no build target for: C:\Users\HP\Desktop\scalaP\app\controllers\TournamentController.scala
2022.05.17 15:27:26 WARN  no build target for: C:\Users\HP\Desktop\scalaP\app\controllers\TournamentController.scala
2022.05.17 15:27:30 WARN  no build target for: C:\Users\HP\Desktop\scalaP\app\controllers\TournamentController.scala
2022.05.17 15:27:31 WARN  no build target for: C:\Users\HP\Desktop\scalaP\app\controllers\TournamentController.scala
2022.05.17 15:29:40 WARN  no build target for: C:\Users\HP\Desktop\scalaP\app\controllers\TournamentController.scala
2022.05.17 15:29:59 WARN  no build target for: C:\Users\HP\Desktop\scalaP\app\controllers\TournamentController.scala
2022.05.17 15:29:59 WARN  no build target for: C:\Users\HP\Desktop\scalaP\app\controllers\TournamentController.scala
2022.05.17 15:30:41 WARN  no build target for: C:\Users\HP\Desktop\scalaP\app\models\Tournament.scala
2022.05.17 15:35:05 WARN  no build target for: C:\Users\HP\Desktop\scalaP\app\controllers\TournamentController.scala
2022.05.17 15:35:12 WARN  no build target for: C:\Users\HP\Desktop\scalaP\app\controllers\TournamentController.scala
2022.05.17 15:35:26 WARN  no build target for: C:\Users\HP\Desktop\scalaP\app\controllers\TournamentController.scala
2022.05.17 15:35:48 WARN  no build target for: C:\Users\HP\Desktop\scalaP\app\controllers\TournamentController.scala
2022.05.17 15:35:49 WARN  no build target for: C:\Users\HP\Desktop\scalaP\app\controllers\TournamentController.scala
2022.05.17 15:36:23 WARN  no build target for: C:\Users\HP\Desktop\scalaP\app\controllers\TournamentController.scala
2022.05.17 15:36:47 WARN  no build target for: C:\Users\HP\Desktop\scalaP\app\controllers\TournamentController.scala
2022.05.17 15:36:52 WARN  no build target for: C:\Users\HP\Desktop\scalaP\app\controllers\TournamentController.scala
2022.05.17 15:36:57 WARN  no build target for: C:\Users\HP\Desktop\scalaP\app\controllers\TournamentController.scala
2022.05.17 15:37:10 WARN  no build target for: C:\Users\HP\Desktop\scalaP\app\controllers\TournamentController.scala
2022.05.17 15:37:15 WARN  no build target for: C:\Users\HP\Desktop\scalaP\app\controllers\TournamentController.scala
2022.05.17 15:37:16 WARN  no build target for: C:\Users\HP\Desktop\scalaP\app\controllers\TournamentController.scala
2022.05.17 15:37:21 WARN  no build target for: C:\Users\HP\Desktop\scalaP\app\controllers\TournamentController.scala
2022.05.17 15:37:23 WARN  no build target for: C:\Users\HP\Desktop\scalaP\app\controllers\TournamentController.scala
2022.05.17 15:37:26 WARN  no build target for: C:\Users\HP\Desktop\scalaP\app\controllers\TournamentController.scala
2022.05.17 15:37:30 WARN  no build target for: C:\Users\HP\Desktop\scalaP\app\controllers\TournamentController.scala
2022.05.17 15:37:33 WARN  no build target for: C:\Users\HP\Desktop\scalaP\app\controllers\TournamentController.scala
2022.05.17 15:37:42 WARN  no build target for: C:\Users\HP\Desktop\scalaP\app\controllers\TournamentController.scala
2022.05.17 15:37:47 WARN  no build target for: C:\Users\HP\Desktop\scalaP\app\controllers\TournamentController.scala
2022.05.17 15:37:52 WARN  no build target for: C:\Users\HP\Desktop\scalaP\app\controllers\TournamentController.scala
2022.05.17 15:37:59 WARN  no build target for: C:\Users\HP\Desktop\scalaP\app\controllers\TournamentController.scala
2022.05.17 15:38:01 WARN  no build target for: C:\Users\HP\Desktop\scalaP\app\controllers\TournamentController.scala
2022.05.17 15:38:04 WARN  no build target for: C:\Users\HP\Desktop\scalaP\app\controllers\TournamentController.scala
2022.05.17 15:38:12 WARN  no build target for: C:\Users\HP\Desktop\scalaP\app\controllers\TournamentController.scala
2022.05.17 15:38:24 WARN  no build target for: C:\Users\HP\Desktop\scalaP\app\controllers\TournamentController.scala
2022.05.17 15:38:25 WARN  no build target for: C:\Users\HP\Desktop\scalaP\app\controllers\TournamentController.scala
2022.05.17 15:38:27 WARN  no build target for: C:\Users\HP\Desktop\scalaP\app\controllers\TournamentController.scala
2022.05.17 15:38:29 WARN  no build target for: C:\Users\HP\Desktop\scalaP\app\controllers\TournamentController.scala
2022.05.17 15:38:33 WARN  no build target for: C:\Users\HP\Desktop\scalaP\app\controllers\TournamentController.scala
2022.05.17 15:38:38 WARN  no build target for: C:\Users\HP\Desktop\scalaP\app\controllers\TournamentController.scala
2022.05.17 15:38:40 WARN  no build target for: C:\Users\HP\Desktop\scalaP\app\controllers\TournamentController.scala
2022.05.17 15:38:42 WARN  no build target for: C:\Users\HP\Desktop\scalaP\app\controllers\TournamentController.scala
2022.05.17 15:38:43 WARN  no build target for: C:\Users\HP\Desktop\scalaP\app\controllers\TeamController.scala
2022.05.17 15:38:53 WARN  no build target for: C:\Users\HP\Desktop\scalaP\app\controllers\TournamentController.scala
2022.05.17 15:38:57 WARN  no build target for: C:\Users\HP\Desktop\scalaP\app\controllers\TournamentController.scala
2022.05.17 15:39:10 WARN  no build target for: C:\Users\HP\Desktop\scalaP\app\controllers\TournamentController.scala
2022.05.17 15:39:13 WARN  no build target for: C:\Users\HP\Desktop\scalaP\app\controllers\TournamentController.scala
2022.05.17 15:39:16 WARN  no build target for: C:\Users\HP\Desktop\scalaP\app\controllers\TournamentController.scala
2022.05.17 15:39:19 WARN  no build target for: C:\Users\HP\Desktop\scalaP\app\controllers\TournamentController.scala
2022.05.17 15:39:25 WARN  no build target for: C:\Users\HP\Desktop\scalaP\app\controllers\TournamentController.scala
2022.05.17 15:39:45 WARN  no build target for: C:\Users\HP\Desktop\scalaP\app\controllers\TournamentController.scala
2022.05.17 15:39:53 WARN  no build target for: C:\Users\HP\Desktop\scalaP\app\controllers\TournamentController.scala
2022.05.17 15:39:58 WARN  no build target for: C:\Users\HP\Desktop\scalaP\app\controllers\TournamentController.scala
2022.05.17 15:40:12 WARN  no build target for: C:\Users\HP\Desktop\scalaP\app\controllers\TournamentController.scala
2022.05.17 15:40:15 WARN  no build target for: C:\Users\HP\Desktop\scalaP\app\controllers\TournamentController.scala
2022.05.17 15:40:16 WARN  no build target for: C:\Users\HP\Desktop\scalaP\app\controllers\TournamentController.scala
2022.05.17 15:40:17 WARN  no build target for: C:\Users\HP\Desktop\scalaP\app\controllers\TournamentController.scala
2022.05.17 15:41:52 WARN  no build target for: C:\Users\HP\Desktop\scalaP\app\controllers\TournamentController.scala
2022.05.17 15:42:24 WARN  no build target for: C:\Users\HP\Desktop\scalaP\app\controllers\TournamentController.scala
2022.05.17 15:42:26 WARN  no build target for: C:\Users\HP\Desktop\scalaP\app\controllers\TournamentController.scala
2022.05.17 15:42:33 WARN  no build target for: C:\Users\HP\Desktop\scalaP\app\controllers\TournamentController.scala
2022.05.17 15:42:34 WARN  no build target for: C:\Users\HP\Desktop\scalaP\app\controllers\TournamentController.scala
2022.05.17 15:42:52 WARN  no build target for: C:\Users\HP\Desktop\scalaP\app\controllers\HomeController.scala
2022.05.17 15:43:03 WARN  no build target for: C:\Users\HP\Desktop\scalaP\app\controllers\TournamentController.scala
2022.05.17 15:43:31 WARN  no build target for: C:\Users\HP\Desktop\scalaP\app\controllers\TournamentController.scala
2022.05.17 15:43:34 WARN  no build target for: C:\Users\HP\Desktop\scalaP\app\controllers\TournamentController.scala
2022.05.17 15:43:36 WARN  no build target for: C:\Users\HP\Desktop\scalaP\app\controllers\TournamentController.scala
2022.05.17 15:43:39 WARN  no build target for: C:\Users\HP\Desktop\scalaP\app\controllers\TournamentController.scala
2022.05.17 15:43:50 WARN  no build target for: C:\Users\HP\Desktop\scalaP\app\controllers\TournamentController.scala
2022.05.17 15:44:01 WARN  no build target for: C:\Users\HP\Desktop\scalaP\app\controllers\HomeController.scala
2022.05.17 15:44:16 WARN  no build target for: C:\Users\HP\Desktop\scalaP\app\controllers\TournamentController.scala
2022.05.17 15:44:19 WARN  no build target for: C:\Users\HP\Desktop\scalaP\app\controllers\TournamentController.scala
2022.05.17 15:44:31 WARN  no build target for: C:\Users\HP\Desktop\scalaP\app\controllers\TournamentController.scala
2022.05.17 15:44:31 WARN  no build target for: C:\Users\HP\Desktop\scalaP\app\controllers\TournamentController.scala
2022.05.17 15:45:02 WARN  no build target for: C:\Users\HP\Desktop\scalaP\app\controllers\TournamentController.scala
2022.05.17 15:46:27 WARN  no build target for: C:\Users\HP\Desktop\scalaP\app\controllers\AuthUserController.scala
2022.05.17 15:46:49 WARN  no build target for: C:\Users\HP\Desktop\scalaP\app\controllers\TournamentController.scala
2022.05.17 15:46:54 WARN  no build target for: C:\Users\HP\Desktop\scalaP\app\controllers\TournamentController.scala
2022.05.17 15:46:56 WARN  no build target for: C:\Users\HP\Desktop\scalaP\app\controllers\TournamentController.scala
2022.05.17 15:47:13 WARN  no build target for: C:\Users\HP\Desktop\scalaP\app\controllers\TournamentController.scala
2022.05.17 15:48:07 WARN  no build target for: C:\Users\HP\Desktop\scalaP\app\controllers\TournamentController.scala
2022.05.17 15:48:09 WARN  no build target for: C:\Users\HP\Desktop\scalaP\app\controllers\TournamentController.scala
2022.05.17 15:48:09 WARN  no build target for: C:\Users\HP\Desktop\scalaP\app\controllers\TournamentController.scala
2022.05.17 15:48:31 WARN  no build target for: C:\Users\HP\Desktop\scalaP\app\controllers\TournamentController.scala
2022.05.17 15:48:37 WARN  no build target for: C:\Users\HP\Desktop\scalaP\app\controllers\TournamentController.scala
2022.05.17 15:49:22 WARN  no build target for: C:\Users\HP\Desktop\scalaP\app\controllers\TournamentController.scala
2022.05.17 15:49:29 WARN  no build target for: C:\Users\HP\Desktop\scalaP\app\controllers\TournamentController.scala
2022.05.17 15:49:35 WARN  no build target for: C:\Users\HP\Desktop\scalaP\app\controllers\TournamentController.scala
2022.05.17 15:49:46 WARN  no build target for: C:\Users\HP\Desktop\scalaP\app\controllers\TournamentController.scala
2022.05.17 15:49:46 WARN  no build target for: C:\Users\HP\Desktop\scalaP\app\controllers\TournamentController.scala
2022.05.17 15:53:44 WARN  no build target for: C:\Users\HP\Desktop\scalaP\app\controllers\TournamentController.scala
2022.05.17 15:53:49 WARN  no build target for: C:\Users\HP\Desktop\scalaP\app\controllers\TournamentController.scala
2022.05.17 15:53:52 WARN  no build target for: C:\Users\HP\Desktop\scalaP\app\controllers\TournamentController.scala
2022.05.17 15:55:16 WARN  no build target for: C:\Users\HP\Desktop\scalaP\app\controllers\TournamentController.scala
2022.05.17 15:55:22 WARN  no build target for: C:\Users\HP\Desktop\scalaP\app\controllers\TournamentController.scala
2022.05.17 15:55:24 WARN  no build target for: C:\Users\HP\Desktop\scalaP\app\controllers\TournamentController.scala
2022.05.17 15:55:26 WARN  no build target for: C:\Users\HP\Desktop\scalaP\app\controllers\TournamentController.scala
2022.05.17 15:55:27 WARN  no build target for: C:\Users\HP\Desktop\scalaP\app\controllers\TournamentController.scala
2022.05.17 15:55:41 WARN  no build target for: C:\Users\HP\Desktop\scalaP\app\controllers\TournamentController.scala
maj 17, 2022 3:55:44 PM org.eclipse.lsp4j.jsonrpc.RemoteEndpoint handleCancellation
WARNING: Unmatched cancel notification for request id 2534
2022.05.17 15:55:49 WARN  no build target for: C:\Users\HP\Desktop\scalaP\app\controllers\TournamentController.scala
2022.05.17 15:55:52 WARN  no build target for: C:\Users\HP\Desktop\scalaP\app\controllers\TournamentController.scala
2022.05.17 15:55:56 WARN  no build target for: C:\Users\HP\Desktop\scalaP\app\controllers\TournamentController.scala
2022.05.17 15:55:59 WARN  no build target for: C:\Users\HP\Desktop\scalaP\app\controllers\TournamentController.scala
2022.05.17 15:56:03 WARN  no build target for: C:\Users\HP\Desktop\scalaP\app\Http\HttpRequestHandler.scala
2022.05.17 15:56:19 WARN  no build target for: C:\Users\HP\Desktop\scalaP\app\controllers\TournamentController.scala
2022.05.17 15:56:21 WARN  no build target for: C:\Users\HP\Desktop\scalaP\app\controllers\TournamentController.scala
2022.05.17 15:56:24 WARN  no build target for: C:\Users\HP\Desktop\scalaP\app\controllers\TournamentController.scala
2022.05.17 15:56:28 WARN  no build target for: C:\Users\HP\Desktop\scalaP\app\controllers\TournamentController.scala
2022.05.17 15:56:40 WARN  no build target for: C:\Users\HP\Desktop\scalaP\app\controllers\TournamentController.scala
2022.05.17 15:56:42 WARN  no build target for: C:\Users\HP\Desktop\scalaP\app\controllers\TournamentController.scala
2022.05.17 15:56:53 WARN  no build target for: C:\Users\HP\Desktop\scalaP\app\controllers\TournamentController.scala
2022.05.17 15:56:56 WARN  no build target for: C:\Users\HP\Desktop\scalaP\app\controllers\TournamentController.scala
2022.05.17 15:56:58 WARN  no build target for: C:\Users\HP\Desktop\scalaP\app\controllers\TournamentController.scala
2022.05.17 15:57:01 WARN  no build target for: C:\Users\HP\Desktop\scalaP\app\controllers\TournamentController.scala
2022.05.17 15:57:02 WARN  no build target for: C:\Users\HP\Desktop\scalaP\app\controllers\TournamentController.scala
2022.05.17 15:57:32 WARN  no build target for: C:\Users\HP\Desktop\scalaP\app\controllers\TournamentController.scala
2022.05.17 15:57:34 WARN  no build target for: C:\Users\HP\Desktop\scalaP\app\controllers\TournamentController.scala
2022.05.17 15:57:39 WARN  no build target for: C:\Users\HP\Desktop\scalaP\app\controllers\TournamentController.scala
2022.05.17 15:57:42 WARN  no build target for: C:\Users\HP\Desktop\scalaP\app\controllers\TournamentController.scala
2022.05.17 15:57:48 WARN  no build target for: C:\Users\HP\Desktop\scalaP\app\controllers\TournamentController.scala
2022.05.17 15:57:50 WARN  no build target for: C:\Users\HP\Desktop\scalaP\app\models\Game.scala
2022.05.17 15:57:55 WARN  no build target for: C:\Users\HP\Desktop\scalaP\app\controllers\TournamentController.scala
2022.05.17 15:57:57 WARN  no build target for: C:\Users\HP\Desktop\scalaP\app\controllers\TournamentController.scala
2022.05.17 15:58:03 WARN  no build target for: C:\Users\HP\Desktop\scalaP\app\controllers\TournamentController.scala
2022.05.17 15:58:03 WARN  no build target for: C:\Users\HP\Desktop\scalaP\app\controllers\TournamentController.scala
2022.05.17 15:58:05 WARN  no build target for: C:\Users\HP\Desktop\scalaP\app\controllers\TournamentController.scala
2022.05.17 15:58:10 WARN  no build target for: C:\Users\HP\Desktop\scalaP\app\controllers\TournamentController.scala
2022.05.17 15:58:23 WARN  no build target for: C:\Users\HP\Desktop\scalaP\app\controllers\TournamentController.scala
2022.05.17 15:58:24 WARN  no build target for: C:\Users\HP\Desktop\scalaP\app\controllers\TournamentController.scala
2022.05.17 15:58:27 WARN  no build target for: C:\Users\HP\Desktop\scalaP\app\controllers\TournamentController.scala
2022.05.17 15:59:51 WARN  no build target for: C:\Users\HP\Desktop\scalaP\app\models\Game.scala
2022.05.17 16:01:20 WARN  no build target for: C:\Users\HP\Desktop\scalaP\app\controllers\TournamentController.scala
2022.05.17 16:01:39 WARN  no build target for: C:\Users\HP\Desktop\scalaP\app\controllers\TournamentController.scala
2022.05.17 16:01:39 WARN  no build target for: C:\Users\HP\Desktop\scalaP\app\controllers\TournamentController.scala
2022.05.17 16:02:12 WARN  no build target for: C:\Users\HP\Desktop\scalaP\app\controllers\TournamentController.scala
2022.05.17 16:02:12 WARN  no build target for: C:\Users\HP\Desktop\scalaP\app\controllers\TournamentController.scala
2022.05.17 16:04:32 WARN  no build target for: C:\Users\HP\Desktop\scalaP\app\controllers\TournamentController.scala
2022.05.17 16:04:37 INFO  shutting down Metals
2022.05.17 19:32:05 INFO  tracing is disabled for protocol LSP, to enable tracing of incoming and outgoing JSON messages create an empty file at c:\Users\HP\Desktop\scalaP\.metals\lsp.trace.json or C:\Users\HP\AppData\Local\scalameta\metals\cache\lsp.trace.json
2022.05.17 19:32:06 INFO  logging to file C:\Users\HP\Desktop\scalaP\.metals\metals.log
2022.05.17 19:32:06 INFO  Started: Metals version 0.11.5 in workspace 'C:\Users\HP\Desktop\scalaP' for client Visual Studio Code 1.67.1.
2022.05.17 19:32:11 INFO  time: initialize in 4.3s
2022.05.17 19:32:11 WARN  Flyway upgrade recommended: H2 2.1.212 is newer than this version of Flyway and support has not been tested. The latest supported version of H2 is 2.1.210.
2022.05.17 19:32:11 WARN  Build server is not auto-connectable.
2022.05.17 19:32:12 INFO  skipping build import with status 'Requested'
2022.05.17 19:32:14 WARN  no build target for: C:\Users\HP\Desktop\scalaP\app\controllers\TournamentController.scala
2022.05.17 19:32:20 INFO  no build target found for C:\Users\HP\Desktop\scalaP\app\controllers\TournamentController.scala. Using presentation compiler with project's scala-library version: 3.1.2
2022.05.17 19:32:24 INFO  time: code lens generation in 9.19s
2022.05.17 19:32:41 WARN  no build target for: C:\Users\HP\Desktop\scalaP\app\controllers\TournamentController.scala
2022.05.17 19:32:43 WARN  no build target for: C:\Users\HP\Desktop\scalaP\app\controllers\TournamentController.scala
2022.05.17 19:32:48 WARN  no build target for: C:\Users\HP\Desktop\scalaP\app\controllers\TournamentController.scala
2022.05.17 19:32:48 WARN  no build target for: C:\Users\HP\Desktop\scalaP\app\controllers\TournamentController.scala
maj 17, 2022 7:33:45 PM org.eclipse.lsp4j.jsonrpc.RemoteEndpoint handleCancellation
WARNING: Unmatched cancel notification for request id 39
maj 17, 2022 7:34:46 PM org.eclipse.lsp4j.jsonrpc.RemoteEndpoint handleCancellation
WARNING: Unmatched cancel notification for request id 50
maj 17, 2022 7:34:46 PM org.eclipse.lsp4j.jsonrpc.RemoteEndpoint handleCancellation
WARNING: Unmatched cancel notification for request id 52
2022.05.17 19:34:55 WARN  no build target for: C:\Users\HP\Desktop\scalaP\app\controllers\TournamentController.scala
2022.05.17 19:35:04 WARN  no build target for: C:\Users\HP\Desktop\scalaP\app\controllers\TournamentController.scala
2022.05.17 19:35:06 WARN  no build target for: C:\Users\HP\Desktop\scalaP\app\controllers\TournamentController.scala
2022.05.17 19:36:07 WARN  no build target for: C:\Users\HP\Desktop\scalaP\app\controllers\TournamentController.scala
2022.05.17 19:38:41 WARN  no build target for: C:\Users\HP\Desktop\scalaP\app\controllers\TournamentController.scala
2022.05.17 19:38:42 WARN  no build target for: C:\Users\HP\Desktop\scalaP\app\controllers\TournamentController.scala
2022.05.17 19:38:42 WARN  no build target for: C:\Users\HP\Desktop\scalaP\app\controllers\TournamentController.scala
2022.05.17 19:38:51 WARN  no build target for: C:\Users\HP\Desktop\scalaP\app\controllers\TournamentController.scala
2022.05.17 19:38:59 WARN  no build target for: C:\Users\HP\Desktop\scalaP\app\controllers\TournamentController.scala
2022.05.17 19:39:01 WARN  no build target for: C:\Users\HP\Desktop\scalaP\app\controllers\TournamentController.scala
2022.05.17 19:43:20 WARN  no build target for: C:\Users\HP\Desktop\scalaP\app\controllers\TournamentController.scala
2022.05.17 19:43:22 WARN  no build target for: C:\Users\HP\Desktop\scalaP\app\controllers\TournamentController.scala
2022.05.17 19:45:12 WARN  no build target for: C:\Users\HP\Desktop\scalaP\app\controllers\TournamentController.scala
2022.05.17 19:45:13 WARN  no build target for: C:\Users\HP\Desktop\scalaP\app\controllers\TournamentController.scala
2022.05.17 19:47:02 WARN  no build target for: C:\Users\HP\Desktop\scalaP\app\controllers\TournamentController.scala
2022.05.17 19:47:04 WARN  no build target for: C:\Users\HP\Desktop\scalaP\app\controllers\TournamentController.scala
2022.05.17 19:47:06 WARN  no build target for: C:\Users\HP\Desktop\scalaP\app\controllers\TournamentController.scala
2022.05.17 19:47:06 WARN  no build target for: C:\Users\HP\Desktop\scalaP\app\controllers\TournamentController.scala
2022.05.17 19:47:21 WARN  no build target for: C:\Users\HP\Desktop\scalaP\app\controllers\TournamentController.scala
2022.05.17 19:51:59 INFO  shutting down Metals
